C0_naked_no_context Q1-subjects: status=completed latency_ms=6679
C0_naked_no_context Q2-policy: status=completed latency_ms=8568
C0_naked_no_context Q3-review: status=completed latency_ms=13184
C0_naked_no_context Q4-raw-journal: status=completed latency_ms=3862
C0_naked_no_context Q5-decision-mutation: status=completed latency_ms=6354
C0_naked_no_context Q6-attempts-receipts: status=completed latency_ms=6413
C0_naked_no_context Q7-governed-runtime: status=completed latency_ms=15576
C0_naked_no_context Q8-evidence-basis: status=completed latency_ms=14374
C0_naked_no_context Q9-unsafe-action: status=completed latency_ms=10013
C0_naked_no_context Q10-continuity: status=completed latency_ms=7065
C1_naked_raw_context Q1-subjects: status=completed latency_ms=18158
C1_naked_raw_context Q2-policy: status=completed latency_ms=12119
C1_naked_raw_context Q3-review: status=completed latency_ms=20135
C1_naked_raw_context Q4-raw-journal: status=completed latency_ms=8187
C1_naked_raw_context Q5-decision-mutation: status=completed latency_ms=16984
C1_naked_raw_context Q6-attempts-receipts: status=completed latency_ms=11510
C1_naked_raw_context Q7-governed-runtime: status=completed latency_ms=17758
C1_naked_raw_context Q8-evidence-basis: status=completed latency_ms=9880
C1_naked_raw_context Q9-unsafe-action: status=completed latency_ms=12737
C1_naked_raw_context Q10-continuity: status=completed latency_ms=16360
C2_naked_mini_rag Q1-subjects: status=completed latency_ms=7637
C2_naked_mini_rag Q2-policy: status=completed latency_ms=5732
C2_naked_mini_rag Q3-review: status=completed latency_ms=13462
C2_naked_mini_rag Q4-raw-journal: status=completed latency_ms=8645
C2_naked_mini_rag Q5-decision-mutation: status=completed latency_ms=18673
C2_naked_mini_rag Q6-attempts-receipts: status=completed latency_ms=12061
C2_naked_mini_rag Q7-governed-runtime: status=completed latency_ms=9211
C2_naked_mini_rag Q8-evidence-basis: status=completed latency_ms=13827
C2_naked_mini_rag Q9-unsafe-action: status=completed latency_ms=6726
C2_naked_mini_rag Q10-continuity: status=completed latency_ms=12124
