CARGO_TARGET_DIR=target cargo build --manifest-path engine/Cargo.toml --workspace
    Finished `dev` profile [unoptimized + debuginfo] target(s) in 0.19s
CARGO_TARGET_DIR=target cargo test --manifest-path engine/Cargo.toml --workspace
    Finished `test` profile [unoptimized + debuginfo] target(s) in 0.00s
     Running unittests src/lib.rs (target/debug/deps/yai_core_engine-94dbb2a1dd5ee79c)

running 14 tests
test tests::append_record_and_build_projection_summary ... ok
test tests::build_control_projection_summary ... ok
test tests::build_authority_projection_summary ... ok
test tests::build_graph_projection_summary ... ok
test tests::build_filesystem_projection_summary ... ok
test journal::tests::inspect_reports_valid_duplicate_and_invalid_lines ... ok
test tests::build_hardened_projection_summary ... ok
test tests::build_memory_projection_summary ... ok
test tests::build_reconcile_projection_summary ... ok
test tests::parse_jsonl_and_build_projection_summary ... ok
test tests::query_records_by_kind_and_case ... ok
test tests::rust_engine_ffi_append_and_count ... ok
test store::lmdb::tests::journal_import_report_is_idempotent ... ok
test store::lmdb::tests::freeze_supports_control_carrier_and_divergence_records ... ok

test result: ok. 14 passed; 0 failed; 0 ignored; 0 measured; 0 filtered out; finished in 0.10s

     Running unittests src/lib.rs (target/debug/deps/yai_core_engine_sys-004c2bcbfe132b50)

running 0 tests

test result: ok. 0 passed; 0 failed; 0 ignored; 0 measured; 0 filtered out; finished in 0.00s

   Doc-tests yai_core_engine

running 0 tests

test result: ok. 0 passed; 0 failed; 0 ignored; 0 measured; 0 filtered out; finished in 0.00s

   Doc-tests yai_core_engine_sys

running 0 tests

test result: ok. 0 passed; 0 failed; 0 ignored; 0 measured; 0 filtered out; finished in 0.00s

CARGO_TARGET_DIR=target cargo build --manifest-path cmd/yai/Cargo.toml
    Finished `dev` profile [unoptimized + debuginfo] target(s) in 0.01s
CARGO_TARGET_DIR=target cargo test --manifest-path cmd/yai/Cargo.toml
    Finished `test` profile [unoptimized + debuginfo] target(s) in 0.01s
     Running unittests src/main.rs (target/debug/deps/yai-e63ebb24813ac8e7)

running 0 tests

test result: ok. 0 passed; 0 failed; 0 ignored; 0 measured; 0 filtered out; finished in 0.00s

hot_cli:missing snapshot ok
hot_cli:corrupt snapshot ok
hot_cli:minimum hot status ok
hot_cli:filesystem hot status ok
hot_cli:projection freshness inspect ok
hot_cli:doctor hot state ok
hot_cli:spine27 ok
