check-doc-canonical-location: ok
check-doc-required-files: ok
check-doc-no-old-root-language: ok
check-repository-identity: ok
check-archive-historical-records: ok
check-pack-doctrine: ok
check-foundation-freeze: ok
hot-state doctrine: ok
hot-state freeze: ok
lmdb-record-plane doctrine: ok
lmdb-record-plane-freeze: ok
journal-replay-boundary: ok
journal-replay-to-lmdb: ok
file-header-standard: ok
control-carrier-substrate: ok
operation-dispatch-multiplex: ok
carrier-contract-v1: ok
process-carrier-signal-control: ok
host-observation-probe: ok
carrier-coverage-matrix: ok
non-process-carrier-skeletons: ok
carrier-outcome-harness: ok
carrier-receipt-divergence: ok
retrieval-runner-roadmap: ok
context-compiler-retrieval-mtp-roadmap: ok
provider-runtime-lan-target-surface: ok
data-context-runtime-roadmap: ok
